<?xml version="1.0" encoding="UTF-8"?>
<testng-results ignored="0" total="2" passed="2" failed="0" skipped="0">
  <reporter-output>
  </reporter-output>
  <suite started-at="2022-11-18T03:23:22 GMT+02:00" name="Default suite" finished-at="2022-11-18T03:23:45 GMT+02:00" duration-ms="23221">
    <groups>
    </groups>
    <test started-at="2022-11-18T03:23:22 GMT+02:00" name="Default test" finished-at="2022-11-18T03:23:45 GMT+02:00" duration-ms="23221">
      <class name="GitHubTestNG">
        <test-method is-config="true" signature="login()[pri:0, instance:GitHubTestNG@6e20b53a]" started-at="2022-11-18T03:23:22 GMT+02:00" name="login" finished-at="2022-11-18T03:23:34 GMT+02:00" duration-ms="12430" status="PASS">
          <reporter-output>
          </reporter-output>
        </test-method> <!-- login -->
        <test-method signature="test_The_Title()[pri:1, instance:GitHubTestNG@6e20b53a]" started-at="2022-11-18T03:23:34 GMT+02:00" name="test_The_Title" finished-at="2022-11-18T03:23:34 GMT+02:00" duration-ms="349" status="PASS">
          <reporter-output>
          </reporter-output>
        </test-method> <!-- test_The_Title -->
        <test-method signature="test_Repostory_Existance()[pri:4, instance:GitHubTestNG@6e20b53a]" started-at="2022-11-18T03:23:34 GMT+02:00" name="test_Repostory_Existance" finished-at="2022-11-18T03:23:45 GMT+02:00" duration-ms="10339" status="PASS">
          <reporter-output>
          </reporter-output>
        </test-method> <!-- test_Repostory_Existance -->
      </class> <!-- GitHubTestNG -->
    </test> <!-- Default test -->
  </suite> <!-- Default suite -->
</testng-results>
